The system is: Linux - 3.8.0-23-generic - i686
Compiling the C compiler identification source file "CMakeCCompilerId.c" succeeded.
Compiler: /usr/lib/ccache/cc 
Build flags: 
Id flags: 

The output was:
0


Compilation of the C compiler identification source "CMakeCCompilerId.c" produced "a.out"

The C compiler identification is GNU, found in "/home/brainfucker/Projects/KDE/Utils/Imageshack.us/.tmp/CMakeFiles/2.8.10.1/CompilerIdC/a.out"

Compiling the CXX compiler identification source file "CMakeCXXCompilerId.cpp" succeeded.
Compiler: /usr/lib/ccache/c++ 
Build flags: 
Id flags: 

The output was:
0


Compilation of the CXX compiler identification source "CMakeCXXCompilerId.cpp" produced "a.out"

The CXX compiler identification is GNU, found in "/home/brainfucker/Projects/KDE/Utils/Imageshack.us/.tmp/CMakeFiles/2.8.10.1/CompilerIdCXX/a.out"

Determining if the C compiler works passed with the following output:
Change Dir: /home/brainfucker/Projects/KDE/Utils/Imageshack.us/.tmp/CMakeFiles/CMakeTmp

Run Build Command:/usr/bin/make "cmTryCompileExec2812290145/fast"
/usr/bin/make -f CMakeFiles/cmTryCompileExec2812290145.dir/build.make CMakeFiles/cmTryCompileExec2812290145.dir/build
make[1]: Вход в каталог `/media/G/BFHome/Projects/KDE/Utils/Imageshack.us/.tmp/CMakeFiles/CMakeTmp'
/usr/bin/cmake -E cmake_progress_report /home/brainfucker/Projects/KDE/Utils/Imageshack.us/.tmp/CMakeFiles/CMakeTmp/CMakeFiles 1
Building C object CMakeFiles/cmTryCompileExec2812290145.dir/testCCompiler.c.o
/usr/lib/ccache/cc    -o CMakeFiles/cmTryCompileExec2812290145.dir/testCCompiler.c.o   -c /home/brainfucker/Projects/KDE/Utils/Imageshack.us/.tmp/CMakeFiles/CMakeTmp/testCCompiler.c
Linking C executable cmTryCompileExec2812290145
/usr/bin/cmake -E cmake_link_script CMakeFiles/cmTryCompileExec2812290145.dir/link.txt --verbose=1
/usr/lib/ccache/cc         CMakeFiles/cmTryCompileExec2812290145.dir/testCCompiler.c.o  -o cmTryCompileExec2812290145 -rdynamic 
make[1]: Выход из каталога `/media/G/BFHome/Projects/KDE/Utils/Imageshack.us/.tmp/CMakeFiles/CMakeTmp'


Detecting C compiler ABI info compiled with the following output:
Change Dir: /home/brainfucker/Projects/KDE/Utils/Imageshack.us/.tmp/CMakeFiles/CMakeTmp

Run Build Command:/usr/bin/make "cmTryCompileExec2454045948/fast"
/usr/bin/make -f CMakeFiles/cmTryCompileExec2454045948.dir/build.make CMakeFiles/cmTryCompileExec2454045948.dir/build
make[1]: Вход в каталог `/media/G/BFHome/Projects/KDE/Utils/Imageshack.us/.tmp/CMakeFiles/CMakeTmp'
/usr/bin/cmake -E cmake_progress_report /home/brainfucker/Projects/KDE/Utils/Imageshack.us/.tmp/CMakeFiles/CMakeTmp/CMakeFiles 1
Building C object CMakeFiles/cmTryCompileExec2454045948.dir/CMakeCCompilerABI.c.o
/usr/lib/ccache/cc    -o CMakeFiles/cmTryCompileExec2454045948.dir/CMakeCCompilerABI.c.o   -c /usr/share/cmake-2.8/Modules/CMakeCCompilerABI.c
Linking C executable cmTryCompileExec2454045948
/usr/bin/cmake -E cmake_link_script CMakeFiles/cmTryCompileExec2454045948.dir/link.txt --verbose=1
/usr/lib/ccache/cc       -v CMakeFiles/cmTryCompileExec2454045948.dir/CMakeCCompilerABI.c.o  -o cmTryCompileExec2454045948 -rdynamic  
Используются внутренние спецификации.
COLLECT_GCC=/usr/bin/cc
COLLECT_LTO_WRAPPER=/usr/lib/gcc/i686-linux-gnu/4.7/lto-wrapper
Целевая архитектура: i686-linux-gnu
Параметры конфигурации: ../src/configure -v --with-pkgversion='Ubuntu/Linaro 4.7.3-1ubuntu1' --with-bugurl=file:///usr/share/doc/gcc-4.7/README.Bugs --enable-languages=c,c++,go,fortran,objc,obj-c++ --prefix=/usr --program-suffix=-4.7 --enable-shared --enable-linker-build-id --libexecdir=/usr/lib --without-included-gettext --enable-threads=posix --with-gxx-include-dir=/usr/include/c++/4.7 --libdir=/usr/lib --enable-nls --with-sysroot=/ --enable-clocale=gnu --enable-libstdcxx-debug --enable-libstdcxx-time=yes --enable-gnu-unique-object --enable-plugin --with-system-zlib --enable-objc-gc --enable-targets=all --with-cloog --enable-cloog-backend=ppl --disable-cloog-version-check --disable-ppl-version-check --enable-multiarch --disable-werror --with-arch-32=i686 --with-multilib-list=m32,m64,mx32 --with-tune=generic --enable-checking=release --build=i686-linux-gnu --host=i686-linux-gnu --target=i686-linux-gnu
Модель многопоточности: posix
gcc версия 4.7.3 (Ubuntu/Linaro 4.7.3-1ubuntu1) 
COMPILER_PATH=/usr/lib/gcc/i686-linux-gnu/4.7/:/usr/lib/gcc/i686-linux-gnu/4.7/:/usr/lib/gcc/i686-linux-gnu/:/usr/lib/gcc/i686-linux-gnu/4.7/:/usr/lib/gcc/i686-linux-gnu/
LIBRARY_PATH=/usr/lib/gcc/i686-linux-gnu/4.7/:/usr/lib/gcc/i686-linux-gnu/4.7/../../../i386-linux-gnu/:/usr/lib/gcc/i686-linux-gnu/4.7/../../../../lib/:/lib/i386-linux-gnu/:/lib/../lib/:/usr/lib/i386-linux-gnu/:/usr/lib/../lib/:/usr/lib/gcc/i686-linux-gnu/4.7/../../../:/lib/:/usr/lib/
COLLECT_GCC_OPTIONS='-v' '-o' 'cmTryCompileExec2454045948' '-rdynamic' '-mtune=generic' '-march=i686'
 /usr/lib/gcc/i686-linux-gnu/4.7/collect2 --sysroot=/ --build-id --eh-frame-hdr -m elf_i386 --hash-style=gnu --as-needed -export-dynamic -dynamic-linker /lib/ld-linux.so.2 -z relro -o cmTryCompileExec2454045948 /usr/lib/gcc/i686-linux-gnu/4.7/../../../i386-linux-gnu/crt1.o /usr/lib/gcc/i686-linux-gnu/4.7/../../../i386-linux-gnu/crti.o /usr/lib/gcc/i686-linux-gnu/4.7/crtbegin.o -L/usr/lib/gcc/i686-linux-gnu/4.7 -L/usr/lib/gcc/i686-linux-gnu/4.7/../../../i386-linux-gnu -L/usr/lib/gcc/i686-linux-gnu/4.7/../../../../lib -L/lib/i386-linux-gnu -L/lib/../lib -L/usr/lib/i386-linux-gnu -L/usr/lib/../lib -L/usr/lib/gcc/i686-linux-gnu/4.7/../../.. CMakeFiles/cmTryCompileExec2454045948.dir/CMakeCCompilerABI.c.o -lgcc --as-needed -lgcc_s --no-as-needed -lc -lgcc --as-needed -lgcc_s --no-as-needed /usr/lib/gcc/i686-linux-gnu/4.7/crtend.o /usr/lib/gcc/i686-linux-gnu/4.7/../../../i386-linux-gnu/crtn.o
make[1]: Выход из каталога `/media/G/BFHome/Projects/KDE/Utils/Imageshack.us/.tmp/CMakeFiles/CMakeTmp'


Parsed C implicit link information from above output:
  link line regex: [^( *|.*[/\])(ld|ld|collect2)[^/\]*( |$)]
  ignore line: [Change Dir: /home/brainfucker/Projects/KDE/Utils/Imageshack.us/.tmp/CMakeFiles/CMakeTmp]
  ignore line: []
  ignore line: [Run Build Command:/usr/bin/make "cmTryCompileExec2454045948/fast"]
  ignore line: [/usr/bin/make -f CMakeFiles/cmTryCompileExec2454045948.dir/build.make CMakeFiles/cmTryCompileExec2454045948.dir/build]
  ignore line: [make[1]: Вход в каталог `/media/G/BFHome/Projects/KDE/Utils/Imageshack.us/.tmp/CMakeFiles/CMakeTmp']
  ignore line: [/usr/bin/cmake -E cmake_progress_report /home/brainfucker/Projects/KDE/Utils/Imageshack.us/.tmp/CMakeFiles/CMakeTmp/CMakeFiles 1]
  ignore line: [Building C object CMakeFiles/cmTryCompileExec2454045948.dir/CMakeCCompilerABI.c.o]
  ignore line: [/usr/lib/ccache/cc    -o CMakeFiles/cmTryCompileExec2454045948.dir/CMakeCCompilerABI.c.o   -c /usr/share/cmake-2.8/Modules/CMakeCCompilerABI.c]
  ignore line: [Linking C executable cmTryCompileExec2454045948]
  ignore line: [/usr/bin/cmake -E cmake_link_script CMakeFiles/cmTryCompileExec2454045948.dir/link.txt --verbose=1]
  ignore line: [/usr/lib/ccache/cc       -v CMakeFiles/cmTryCompileExec2454045948.dir/CMakeCCompilerABI.c.o  -o cmTryCompileExec2454045948 -rdynamic  ]
  ignore line: [Используются внутренние спецификации.]
  ignore line: [COLLECT_GCC=/usr/bin/cc]
  ignore line: [COLLECT_LTO_WRAPPER=/usr/lib/gcc/i686-linux-gnu/4.7/lto-wrapper]
  ignore line: [Целевая архитектура: i686-linux-gnu]
  ignore line: [Параметры конфигурации: ../src/configure -v --with-pkgversion='Ubuntu/Linaro 4.7.3-1ubuntu1' --with-bugurl=file:///usr/share/doc/gcc-4.7/README.Bugs --enable-languages=c,c++,go,fortran,objc,obj-c++ --prefix=/usr --program-suffix=-4.7 --enable-shared --enable-linker-build-id --libexecdir=/usr/lib --without-included-gettext --enable-threads=posix --with-gxx-include-dir=/usr/include/c++/4.7 --libdir=/usr/lib --enable-nls --with-sysroot=/ --enable-clocale=gnu --enable-libstdcxx-debug --enable-libstdcxx-time=yes --enable-gnu-unique-object --enable-plugin --with-system-zlib --enable-objc-gc --enable-targets=all --with-cloog --enable-cloog-backend=ppl --disable-cloog-version-check --disable-ppl-version-check --enable-multiarch --disable-werror --with-arch-32=i686 --with-multilib-list=m32,m64,mx32 --with-tune=generic --enable-checking=release --build=i686-linux-gnu --host=i686-linux-gnu --target=i686-linux-gnu]
  ignore line: [Модель многопоточности: posix]
  ignore line: [gcc версия 4.7.3 (Ubuntu/Linaro 4.7.3-1ubuntu1) ]
  ignore line: [COMPILER_PATH=/usr/lib/gcc/i686-linux-gnu/4.7/:/usr/lib/gcc/i686-linux-gnu/4.7/:/usr/lib/gcc/i686-linux-gnu/:/usr/lib/gcc/i686-linux-gnu/4.7/:/usr/lib/gcc/i686-linux-gnu/]
  ignore line: [LIBRARY_PATH=/usr/lib/gcc/i686-linux-gnu/4.7/:/usr/lib/gcc/i686-linux-gnu/4.7/../../../i386-linux-gnu/:/usr/lib/gcc/i686-linux-gnu/4.7/../../../../lib/:/lib/i386-linux-gnu/:/lib/../lib/:/usr/lib/i386-linux-gnu/:/usr/lib/../lib/:/usr/lib/gcc/i686-linux-gnu/4.7/../../../:/lib/:/usr/lib/]
  ignore line: [COLLECT_GCC_OPTIONS='-v' '-o' 'cmTryCompileExec2454045948' '-rdynamic' '-mtune=generic' '-march=i686']
  link line: [ /usr/lib/gcc/i686-linux-gnu/4.7/collect2 --sysroot=/ --build-id --eh-frame-hdr -m elf_i386 --hash-style=gnu --as-needed -export-dynamic -dynamic-linker /lib/ld-linux.so.2 -z relro -o cmTryCompileExec2454045948 /usr/lib/gcc/i686-linux-gnu/4.7/../../../i386-linux-gnu/crt1.o /usr/lib/gcc/i686-linux-gnu/4.7/../../../i386-linux-gnu/crti.o /usr/lib/gcc/i686-linux-gnu/4.7/crtbegin.o -L/usr/lib/gcc/i686-linux-gnu/4.7 -L/usr/lib/gcc/i686-linux-gnu/4.7/../../../i386-linux-gnu -L/usr/lib/gcc/i686-linux-gnu/4.7/../../../../lib -L/lib/i386-linux-gnu -L/lib/../lib -L/usr/lib/i386-linux-gnu -L/usr/lib/../lib -L/usr/lib/gcc/i686-linux-gnu/4.7/../../.. CMakeFiles/cmTryCompileExec2454045948.dir/CMakeCCompilerABI.c.o -lgcc --as-needed -lgcc_s --no-as-needed -lc -lgcc --as-needed -lgcc_s --no-as-needed /usr/lib/gcc/i686-linux-gnu/4.7/crtend.o /usr/lib/gcc/i686-linux-gnu/4.7/../../../i386-linux-gnu/crtn.o]
    arg [/usr/lib/gcc/i686-linux-gnu/4.7/collect2] ==> ignore
    arg [--sysroot=/] ==> ignore
    arg [--build-id] ==> ignore
    arg [--eh-frame-hdr] ==> ignore
    arg [-m] ==> ignore
    arg [elf_i386] ==> ignore
    arg [--hash-style=gnu] ==> ignore
    arg [--as-needed] ==> ignore
    arg [-export-dynamic] ==> ignore
    arg [-dynamic-linker] ==> ignore
    arg [/lib/ld-linux.so.2] ==> ignore
    arg [-zrelro] ==> ignore
    arg [-o] ==> ignore
    arg [cmTryCompileExec2454045948] ==> ignore
    arg [/usr/lib/gcc/i686-linux-gnu/4.7/../../../i386-linux-gnu/crt1.o] ==> ignore
    arg [/usr/lib/gcc/i686-linux-gnu/4.7/../../../i386-linux-gnu/crti.o] ==> ignore
    arg [/usr/lib/gcc/i686-linux-gnu/4.7/crtbegin.o] ==> ignore
    arg [-L/usr/lib/gcc/i686-linux-gnu/4.7] ==> dir [/usr/lib/gcc/i686-linux-gnu/4.7]
    arg [-L/usr/lib/gcc/i686-linux-gnu/4.7/../../../i386-linux-gnu] ==> dir [/usr/lib/gcc/i686-linux-gnu/4.7/../../../i386-linux-gnu]
    arg [-L/usr/lib/gcc/i686-linux-gnu/4.7/../../../../lib] ==> dir [/usr/lib/gcc/i686-linux-gnu/4.7/../../../../lib]
    arg [-L/lib/i386-linux-gnu] ==> dir [/lib/i386-linux-gnu]
    arg [-L/lib/../lib] ==> dir [/lib/../lib]
    arg [-L/usr/lib/i386-linux-gnu] ==> dir [/usr/lib/i386-linux-gnu]
    arg [-L/usr/lib/../lib] ==> dir [/usr/lib/../lib]
    arg [-L/usr/lib/gcc/i686-linux-gnu/4.7/../../..] ==> dir [/usr/lib/gcc/i686-linux-gnu/4.7/../../..]
    arg [CMakeFiles/cmTryCompileExec2454045948.dir/CMakeCCompilerABI.c.o] ==> ignore
    arg [-lgcc] ==> lib [gcc]
    arg [--as-needed] ==> ignore
    arg [-lgcc_s] ==> lib [gcc_s]
    arg [--no-as-needed] ==> ignore
    arg [-lc] ==> lib [c]
    arg [-lgcc] ==> lib [gcc]
    arg [--as-needed] ==> ignore
    arg [-lgcc_s] ==> lib [gcc_s]
    arg [--no-as-needed] ==> ignore
    arg [/usr/lib/gcc/i686-linux-gnu/4.7/crtend.o] ==> ignore
    arg [/usr/lib/gcc/i686-linux-gnu/4.7/../../../i386-linux-gnu/crtn.o] ==> ignore
  remove lib [gcc]
  remove lib [gcc_s]
  remove lib [gcc]
  remove lib [gcc_s]
  collapse dir [/usr/lib/gcc/i686-linux-gnu/4.7] ==> [/usr/lib/gcc/i686-linux-gnu/4.7]
  collapse dir [/usr/lib/gcc/i686-linux-gnu/4.7/../../../i386-linux-gnu] ==> [/usr/lib/i386-linux-gnu]
  collapse dir [/usr/lib/gcc/i686-linux-gnu/4.7/../../../../lib] ==> [/usr/lib]
  collapse dir [/lib/i386-linux-gnu] ==> [/lib/i386-linux-gnu]
  collapse dir [/lib/../lib] ==> [/lib]
  collapse dir [/usr/lib/i386-linux-gnu] ==> [/usr/lib/i386-linux-gnu]
  collapse dir [/usr/lib/../lib] ==> [/usr/lib]
  collapse dir [/usr/lib/gcc/i686-linux-gnu/4.7/../../..] ==> [/usr/lib]
  implicit libs: [c]
  implicit dirs: [/usr/lib/gcc/i686-linux-gnu/4.7;/usr/lib/i386-linux-gnu;/usr/lib;/lib/i386-linux-gnu;/lib]


Determining if the CXX compiler works passed with the following output:
Change Dir: /home/brainfucker/Projects/KDE/Utils/Imageshack.us/.tmp/CMakeFiles/CMakeTmp

Run Build Command:/usr/bin/make "cmTryCompileExec268820977/fast"
/usr/bin/make -f CMakeFiles/cmTryCompileExec268820977.dir/build.make CMakeFiles/cmTryCompileExec268820977.dir/build
make[1]: Вход в каталог `/media/G/BFHome/Projects/KDE/Utils/Imageshack.us/.tmp/CMakeFiles/CMakeTmp'
/usr/bin/cmake -E cmake_progress_report /home/brainfucker/Projects/KDE/Utils/Imageshack.us/.tmp/CMakeFiles/CMakeTmp/CMakeFiles 1
Building CXX object CMakeFiles/cmTryCompileExec268820977.dir/testCXXCompiler.cxx.o
/usr/lib/ccache/c++     -o CMakeFiles/cmTryCompileExec268820977.dir/testCXXCompiler.cxx.o -c /home/brainfucker/Projects/KDE/Utils/Imageshack.us/.tmp/CMakeFiles/CMakeTmp/testCXXCompiler.cxx
Linking CXX executable cmTryCompileExec268820977
/usr/bin/cmake -E cmake_link_script CMakeFiles/cmTryCompileExec268820977.dir/link.txt --verbose=1
/usr/lib/ccache/c++          CMakeFiles/cmTryCompileExec268820977.dir/testCXXCompiler.cxx.o  -o cmTryCompileExec268820977 -rdynamic 
make[1]: Выход из каталога `/media/G/BFHome/Projects/KDE/Utils/Imageshack.us/.tmp/CMakeFiles/CMakeTmp'


Detecting CXX compiler ABI info compiled with the following output:
Change Dir: /home/brainfucker/Projects/KDE/Utils/Imageshack.us/.tmp/CMakeFiles/CMakeTmp

Run Build Command:/usr/bin/make "cmTryCompileExec3675902108/fast"
/usr/bin/make -f CMakeFiles/cmTryCompileExec3675902108.dir/build.make CMakeFiles/cmTryCompileExec3675902108.dir/build
make[1]: Вход в каталог `/media/G/BFHome/Projects/KDE/Utils/Imageshack.us/.tmp/CMakeFiles/CMakeTmp'
/usr/bin/cmake -E cmake_progress_report /home/brainfucker/Projects/KDE/Utils/Imageshack.us/.tmp/CMakeFiles/CMakeTmp/CMakeFiles 1
Building CXX object CMakeFiles/cmTryCompileExec3675902108.dir/CMakeCXXCompilerABI.cpp.o
/usr/lib/ccache/c++     -o CMakeFiles/cmTryCompileExec3675902108.dir/CMakeCXXCompilerABI.cpp.o -c /usr/share/cmake-2.8/Modules/CMakeCXXCompilerABI.cpp
Linking CXX executable cmTryCompileExec3675902108
/usr/bin/cmake -E cmake_link_script CMakeFiles/cmTryCompileExec3675902108.dir/link.txt --verbose=1
/usr/lib/ccache/c++        -v CMakeFiles/cmTryCompileExec3675902108.dir/CMakeCXXCompilerABI.cpp.o  -o cmTryCompileExec3675902108 -rdynamic  
Используются внутренние спецификации.
COLLECT_GCC=/usr/bin/c++
COLLECT_LTO_WRAPPER=/usr/lib/gcc/i686-linux-gnu/4.7/lto-wrapper
Целевая архитектура: i686-linux-gnu
Параметры конфигурации: ../src/configure -v --with-pkgversion='Ubuntu/Linaro 4.7.3-1ubuntu1' --with-bugurl=file:///usr/share/doc/gcc-4.7/README.Bugs --enable-languages=c,c++,go,fortran,objc,obj-c++ --prefix=/usr --program-suffix=-4.7 --enable-shared --enable-linker-build-id --libexecdir=/usr/lib --without-included-gettext --enable-threads=posix --with-gxx-include-dir=/usr/include/c++/4.7 --libdir=/usr/lib --enable-nls --with-sysroot=/ --enable-clocale=gnu --enable-libstdcxx-debug --enable-libstdcxx-time=yes --enable-gnu-unique-object --enable-plugin --with-system-zlib --enable-objc-gc --enable-targets=all --with-cloog --enable-cloog-backend=ppl --disable-cloog-version-check --disable-ppl-version-check --enable-multiarch --disable-werror --with-arch-32=i686 --with-multilib-list=m32,m64,mx32 --with-tune=generic --enable-checking=release --build=i686-linux-gnu --host=i686-linux-gnu --target=i686-linux-gnu
Модель многопоточности: posix
gcc версия 4.7.3 (Ubuntu/Linaro 4.7.3-1ubuntu1) 
COMPILER_PATH=/usr/lib/gcc/i686-linux-gnu/4.7/:/usr/lib/gcc/i686-linux-gnu/4.7/:/usr/lib/gcc/i686-linux-gnu/:/usr/lib/gcc/i686-linux-gnu/4.7/:/usr/lib/gcc/i686-linux-gnu/
LIBRARY_PATH=/usr/lib/gcc/i686-linux-gnu/4.7/:/usr/lib/gcc/i686-linux-gnu/4.7/../../../i386-linux-gnu/:/usr/lib/gcc/i686-linux-gnu/4.7/../../../../lib/:/lib/i386-linux-gnu/:/lib/../lib/:/usr/lib/i386-linux-gnu/:/usr/lib/../lib/:/usr/lib/gcc/i686-linux-gnu/4.7/../../../:/lib/:/usr/lib/
COLLECT_GCC_OPTIONS='-v' '-o' 'cmTryCompileExec3675902108' '-rdynamic' '-shared-libgcc' '-mtune=generic' '-march=i686'
 /usr/lib/gcc/i686-linux-gnu/4.7/collect2 --sysroot=/ --build-id --eh-frame-hdr -m elf_i386 --hash-style=gnu --as-needed -export-dynamic -dynamic-linker /lib/ld-linux.so.2 -z relro -o cmTryCompileExec3675902108 /usr/lib/gcc/i686-linux-gnu/4.7/../../../i386-linux-gnu/crt1.o /usr/lib/gcc/i686-linux-gnu/4.7/../../../i386-linux-gnu/crti.o /usr/lib/gcc/i686-linux-gnu/4.7/crtbegin.o -L/usr/lib/gcc/i686-linux-gnu/4.7 -L/usr/lib/gcc/i686-linux-gnu/4.7/../../../i386-linux-gnu -L/usr/lib/gcc/i686-linux-gnu/4.7/../../../../lib -L/lib/i386-linux-gnu -L/lib/../lib -L/usr/lib/i386-linux-gnu -L/usr/lib/../lib -L/usr/lib/gcc/i686-linux-gnu/4.7/../../.. CMakeFiles/cmTryCompileExec3675902108.dir/CMakeCXXCompilerABI.cpp.o -lstdc++ -lm -lgcc_s -lgcc -lc -lgcc_s -lgcc /usr/lib/gcc/i686-linux-gnu/4.7/crtend.o /usr/lib/gcc/i686-linux-gnu/4.7/../../../i386-linux-gnu/crtn.o
make[1]: Выход из каталога `/media/G/BFHome/Projects/KDE/Utils/Imageshack.us/.tmp/CMakeFiles/CMakeTmp'


Parsed CXX implicit link information from above output:
  link line regex: [^( *|.*[/\])(ld|ld|collect2)[^/\]*( |$)]
  ignore line: [Change Dir: /home/brainfucker/Projects/KDE/Utils/Imageshack.us/.tmp/CMakeFiles/CMakeTmp]
  ignore line: []
  ignore line: [Run Build Command:/usr/bin/make "cmTryCompileExec3675902108/fast"]
  ignore line: [/usr/bin/make -f CMakeFiles/cmTryCompileExec3675902108.dir/build.make CMakeFiles/cmTryCompileExec3675902108.dir/build]
  ignore line: [make[1]: Вход в каталог `/media/G/BFHome/Projects/KDE/Utils/Imageshack.us/.tmp/CMakeFiles/CMakeTmp']
  ignore line: [/usr/bin/cmake -E cmake_progress_report /home/brainfucker/Projects/KDE/Utils/Imageshack.us/.tmp/CMakeFiles/CMakeTmp/CMakeFiles 1]
  ignore line: [Building CXX object CMakeFiles/cmTryCompileExec3675902108.dir/CMakeCXXCompilerABI.cpp.o]
  ignore line: [/usr/lib/ccache/c++     -o CMakeFiles/cmTryCompileExec3675902108.dir/CMakeCXXCompilerABI.cpp.o -c /usr/share/cmake-2.8/Modules/CMakeCXXCompilerABI.cpp]
  ignore line: [Linking CXX executable cmTryCompileExec3675902108]
  ignore line: [/usr/bin/cmake -E cmake_link_script CMakeFiles/cmTryCompileExec3675902108.dir/link.txt --verbose=1]
  ignore line: [/usr/lib/ccache/c++        -v CMakeFiles/cmTryCompileExec3675902108.dir/CMakeCXXCompilerABI.cpp.o  -o cmTryCompileExec3675902108 -rdynamic  ]
  ignore line: [Используются внутренние спецификации.]
  ignore line: [COLLECT_GCC=/usr/bin/c++]
  ignore line: [COLLECT_LTO_WRAPPER=/usr/lib/gcc/i686-linux-gnu/4.7/lto-wrapper]
  ignore line: [Целевая архитектура: i686-linux-gnu]
  ignore line: [Параметры конфигурации: ../src/configure -v --with-pkgversion='Ubuntu/Linaro 4.7.3-1ubuntu1' --with-bugurl=file:///usr/share/doc/gcc-4.7/README.Bugs --enable-languages=c,c++,go,fortran,objc,obj-c++ --prefix=/usr --program-suffix=-4.7 --enable-shared --enable-linker-build-id --libexecdir=/usr/lib --without-included-gettext --enable-threads=posix --with-gxx-include-dir=/usr/include/c++/4.7 --libdir=/usr/lib --enable-nls --with-sysroot=/ --enable-clocale=gnu --enable-libstdcxx-debug --enable-libstdcxx-time=yes --enable-gnu-unique-object --enable-plugin --with-system-zlib --enable-objc-gc --enable-targets=all --with-cloog --enable-cloog-backend=ppl --disable-cloog-version-check --disable-ppl-version-check --enable-multiarch --disable-werror --with-arch-32=i686 --with-multilib-list=m32,m64,mx32 --with-tune=generic --enable-checking=release --build=i686-linux-gnu --host=i686-linux-gnu --target=i686-linux-gnu]
  ignore line: [Модель многопоточности: posix]
  ignore line: [gcc версия 4.7.3 (Ubuntu/Linaro 4.7.3-1ubuntu1) ]
  ignore line: [COMPILER_PATH=/usr/lib/gcc/i686-linux-gnu/4.7/:/usr/lib/gcc/i686-linux-gnu/4.7/:/usr/lib/gcc/i686-linux-gnu/:/usr/lib/gcc/i686-linux-gnu/4.7/:/usr/lib/gcc/i686-linux-gnu/]
  ignore line: [LIBRARY_PATH=/usr/lib/gcc/i686-linux-gnu/4.7/:/usr/lib/gcc/i686-linux-gnu/4.7/../../../i386-linux-gnu/:/usr/lib/gcc/i686-linux-gnu/4.7/../../../../lib/:/lib/i386-linux-gnu/:/lib/../lib/:/usr/lib/i386-linux-gnu/:/usr/lib/../lib/:/usr/lib/gcc/i686-linux-gnu/4.7/../../../:/lib/:/usr/lib/]
  ignore line: [COLLECT_GCC_OPTIONS='-v' '-o' 'cmTryCompileExec3675902108' '-rdynamic' '-shared-libgcc' '-mtune=generic' '-march=i686']
  link line: [ /usr/lib/gcc/i686-linux-gnu/4.7/collect2 --sysroot=/ --build-id --eh-frame-hdr -m elf_i386 --hash-style=gnu --as-needed -export-dynamic -dynamic-linker /lib/ld-linux.so.2 -z relro -o cmTryCompileExec3675902108 /usr/lib/gcc/i686-linux-gnu/4.7/../../../i386-linux-gnu/crt1.o /usr/lib/gcc/i686-linux-gnu/4.7/../../../i386-linux-gnu/crti.o /usr/lib/gcc/i686-linux-gnu/4.7/crtbegin.o -L/usr/lib/gcc/i686-linux-gnu/4.7 -L/usr/lib/gcc/i686-linux-gnu/4.7/../../../i386-linux-gnu -L/usr/lib/gcc/i686-linux-gnu/4.7/../../../../lib -L/lib/i386-linux-gnu -L/lib/../lib -L/usr/lib/i386-linux-gnu -L/usr/lib/../lib -L/usr/lib/gcc/i686-linux-gnu/4.7/../../.. CMakeFiles/cmTryCompileExec3675902108.dir/CMakeCXXCompilerABI.cpp.o -lstdc++ -lm -lgcc_s -lgcc -lc -lgcc_s -lgcc /usr/lib/gcc/i686-linux-gnu/4.7/crtend.o /usr/lib/gcc/i686-linux-gnu/4.7/../../../i386-linux-gnu/crtn.o]
    arg [/usr/lib/gcc/i686-linux-gnu/4.7/collect2] ==> ignore
    arg [--sysroot=/] ==> ignore
    arg [--build-id] ==> ignore
    arg [--eh-frame-hdr] ==> ignore
    arg [-m] ==> ignore
    arg [elf_i386] ==> ignore
    arg [--hash-style=gnu] ==> ignore
    arg [--as-needed] ==> ignore
    arg [-export-dynamic] ==> ignore
    arg [-dynamic-linker] ==> ignore
    arg [/lib/ld-linux.so.2] ==> ignore
    arg [-zrelro] ==> ignore
    arg [-o] ==> ignore
    arg [cmTryCompileExec3675902108] ==> ignore
    arg [/usr/lib/gcc/i686-linux-gnu/4.7/../../../i386-linux-gnu/crt1.o] ==> ignore
    arg [/usr/lib/gcc/i686-linux-gnu/4.7/../../../i386-linux-gnu/crti.o] ==> ignore
    arg [/usr/lib/gcc/i686-linux-gnu/4.7/crtbegin.o] ==> ignore
    arg [-L/usr/lib/gcc/i686-linux-gnu/4.7] ==> dir [/usr/lib/gcc/i686-linux-gnu/4.7]
    arg [-L/usr/lib/gcc/i686-linux-gnu/4.7/../../../i386-linux-gnu] ==> dir [/usr/lib/gcc/i686-linux-gnu/4.7/../../../i386-linux-gnu]
    arg [-L/usr/lib/gcc/i686-linux-gnu/4.7/../../../../lib] ==> dir [/usr/lib/gcc/i686-linux-gnu/4.7/../../../../lib]
    arg [-L/lib/i386-linux-gnu] ==> dir [/lib/i386-linux-gnu]
    arg [-L/lib/../lib] ==> dir [/lib/../lib]
    arg [-L/usr/lib/i386-linux-gnu] ==> dir [/usr/lib/i386-linux-gnu]
    arg [-L/usr/lib/../lib] ==> dir [/usr/lib/../lib]
    arg [-L/usr/lib/gcc/i686-linux-gnu/4.7/../../..] ==> dir [/usr/lib/gcc/i686-linux-gnu/4.7/../../..]
    arg [CMakeFiles/cmTryCompileExec3675902108.dir/CMakeCXXCompilerABI.cpp.o] ==> ignore
    arg [-lstdc++] ==> lib [stdc++]
    arg [-lm] ==> lib [m]
    arg [-lgcc_s] ==> lib [gcc_s]
    arg [-lgcc] ==> lib [gcc]
    arg [-lc] ==> lib [c]
    arg [-lgcc_s] ==> lib [gcc_s]
    arg [-lgcc] ==> lib [gcc]
    arg [/usr/lib/gcc/i686-linux-gnu/4.7/crtend.o] ==> ignore
    arg [/usr/lib/gcc/i686-linux-gnu/4.7/../../../i386-linux-gnu/crtn.o] ==> ignore
  remove lib [gcc_s]
  remove lib [gcc]
  remove lib [gcc_s]
  remove lib [gcc]
  collapse dir [/usr/lib/gcc/i686-linux-gnu/4.7] ==> [/usr/lib/gcc/i686-linux-gnu/4.7]
  collapse dir [/usr/lib/gcc/i686-linux-gnu/4.7/../../../i386-linux-gnu] ==> [/usr/lib/i386-linux-gnu]
  collapse dir [/usr/lib/gcc/i686-linux-gnu/4.7/../../../../lib] ==> [/usr/lib]
  collapse dir [/lib/i386-linux-gnu] ==> [/lib/i386-linux-gnu]
  collapse dir [/lib/../lib] ==> [/lib]
  collapse dir [/usr/lib/i386-linux-gnu] ==> [/usr/lib/i386-linux-gnu]
  collapse dir [/usr/lib/../lib] ==> [/usr/lib]
  collapse dir [/usr/lib/gcc/i686-linux-gnu/4.7/../../..] ==> [/usr/lib]
  implicit libs: [stdc++;m;c]
  implicit dirs: [/usr/lib/gcc/i686-linux-gnu/4.7;/usr/lib/i386-linux-gnu;/usr/lib;/lib/i386-linux-gnu;/lib]


Determining if the Q_WS_X11 exist passed with the following output:
Change Dir: /home/brainfucker/Projects/KDE/Utils/Imageshack.us/.tmp/CMakeFiles/CMakeTmp

Run Build Command:/usr/bin/make "cmTryCompileExec3208636141/fast"
/usr/bin/make -f CMakeFiles/cmTryCompileExec3208636141.dir/build.make CMakeFiles/cmTryCompileExec3208636141.dir/build
make[1]: Вход в каталог `/media/G/BFHome/Projects/KDE/Utils/Imageshack.us/.tmp/CMakeFiles/CMakeTmp'
/usr/bin/cmake -E cmake_progress_report /home/brainfucker/Projects/KDE/Utils/Imageshack.us/.tmp/CMakeFiles/CMakeTmp/CMakeFiles 1
Building C object CMakeFiles/cmTryCompileExec3208636141.dir/CheckSymbolExists.c.o
/usr/lib/ccache/cc   -I/usr/include/qt4    -o CMakeFiles/cmTryCompileExec3208636141.dir/CheckSymbolExists.c.o   -c /home/brainfucker/Projects/KDE/Utils/Imageshack.us/.tmp/CMakeFiles/CMakeTmp/CheckSymbolExists.c
Linking C executable cmTryCompileExec3208636141
/usr/bin/cmake -E cmake_link_script CMakeFiles/cmTryCompileExec3208636141.dir/link.txt --verbose=1
/usr/lib/ccache/cc         CMakeFiles/cmTryCompileExec3208636141.dir/CheckSymbolExists.c.o  -o cmTryCompileExec3208636141 -rdynamic 
make[1]: Выход из каталога `/media/G/BFHome/Projects/KDE/Utils/Imageshack.us/.tmp/CMakeFiles/CMakeTmp'

File /home/brainfucker/Projects/KDE/Utils/Imageshack.us/.tmp/CMakeFiles/CMakeTmp/CheckSymbolExists.c:
/* */
#include <QtCore/qglobal.h>

int main(int argc, char** argv)
{
  (void)argv;
#ifndef Q_WS_X11
  return ((int*)(&Q_WS_X11))[argc];
#else
  (void)argc;
  return 0;
#endif
}

Determining if the function XOpenDisplay exists in the /usr/lib/i386-linux-gnu/libX11.so;/usr/lib/i386-linux-gnu/libXext.so;/usr/lib/i386-linux-gnu/libXft.so;/usr/lib/i386-linux-gnu/libXau.so;/usr/lib/i386-linux-gnu/libXdmcp.so;/usr/lib/i386-linux-gnu/libXpm.so passed with the following output:
Change Dir: /home/brainfucker/Projects/KDE/Utils/Imageshack.us/.tmp/CMakeFiles/CMakeTmp

Run Build Command:/usr/bin/make "cmTryCompileExec1657904730/fast"
/usr/bin/make -f CMakeFiles/cmTryCompileExec1657904730.dir/build.make CMakeFiles/cmTryCompileExec1657904730.dir/build
make[1]: Вход в каталог `/media/G/BFHome/Projects/KDE/Utils/Imageshack.us/.tmp/CMakeFiles/CMakeTmp'
/usr/bin/cmake -E cmake_progress_report /home/brainfucker/Projects/KDE/Utils/Imageshack.us/.tmp/CMakeFiles/CMakeTmp/CMakeFiles 1
Building C object CMakeFiles/cmTryCompileExec1657904730.dir/CheckFunctionExists.c.o
/usr/lib/ccache/cc   -DCHECK_FUNCTION_EXISTS=XOpenDisplay   -o CMakeFiles/cmTryCompileExec1657904730.dir/CheckFunctionExists.c.o   -c /usr/share/cmake-2.8/Modules/CheckFunctionExists.c
Linking C executable cmTryCompileExec1657904730
/usr/bin/cmake -E cmake_link_script CMakeFiles/cmTryCompileExec1657904730.dir/link.txt --verbose=1
/usr/lib/ccache/cc     -DCHECK_FUNCTION_EXISTS=XOpenDisplay    CMakeFiles/cmTryCompileExec1657904730.dir/CheckFunctionExists.c.o  -o cmTryCompileExec1657904730 -rdynamic -lX11 -lXext -lXft -lXau -lXdmcp -lXpm 
make[1]: Выход из каталога `/media/G/BFHome/Projects/KDE/Utils/Imageshack.us/.tmp/CMakeFiles/CMakeTmp'


Determining if the function gethostbyname exists passed with the following output:
Change Dir: /home/brainfucker/Projects/KDE/Utils/Imageshack.us/.tmp/CMakeFiles/CMakeTmp

Run Build Command:/usr/bin/make "cmTryCompileExec4056417865/fast"
/usr/bin/make -f CMakeFiles/cmTryCompileExec4056417865.dir/build.make CMakeFiles/cmTryCompileExec4056417865.dir/build
make[1]: Вход в каталог `/media/G/BFHome/Projects/KDE/Utils/Imageshack.us/.tmp/CMakeFiles/CMakeTmp'
/usr/bin/cmake -E cmake_progress_report /home/brainfucker/Projects/KDE/Utils/Imageshack.us/.tmp/CMakeFiles/CMakeTmp/CMakeFiles 1
Building C object CMakeFiles/cmTryCompileExec4056417865.dir/CheckFunctionExists.c.o
/usr/lib/ccache/cc   -DCHECK_FUNCTION_EXISTS=gethostbyname   -o CMakeFiles/cmTryCompileExec4056417865.dir/CheckFunctionExists.c.o   -c /usr/share/cmake-2.8/Modules/CheckFunctionExists.c
Linking C executable cmTryCompileExec4056417865
/usr/bin/cmake -E cmake_link_script CMakeFiles/cmTryCompileExec4056417865.dir/link.txt --verbose=1
/usr/lib/ccache/cc     -DCHECK_FUNCTION_EXISTS=gethostbyname    CMakeFiles/cmTryCompileExec4056417865.dir/CheckFunctionExists.c.o  -o cmTryCompileExec4056417865 -rdynamic 
make[1]: Выход из каталога `/media/G/BFHome/Projects/KDE/Utils/Imageshack.us/.tmp/CMakeFiles/CMakeTmp'


Determining if the function connect exists passed with the following output:
Change Dir: /home/brainfucker/Projects/KDE/Utils/Imageshack.us/.tmp/CMakeFiles/CMakeTmp

Run Build Command:/usr/bin/make "cmTryCompileExec1396390235/fast"
/usr/bin/make -f CMakeFiles/cmTryCompileExec1396390235.dir/build.make CMakeFiles/cmTryCompileExec1396390235.dir/build
make[1]: Вход в каталог `/media/G/BFHome/Projects/KDE/Utils/Imageshack.us/.tmp/CMakeFiles/CMakeTmp'
/usr/bin/cmake -E cmake_progress_report /home/brainfucker/Projects/KDE/Utils/Imageshack.us/.tmp/CMakeFiles/CMakeTmp/CMakeFiles 1
Building C object CMakeFiles/cmTryCompileExec1396390235.dir/CheckFunctionExists.c.o
/usr/lib/ccache/cc   -DCHECK_FUNCTION_EXISTS=connect   -o CMakeFiles/cmTryCompileExec1396390235.dir/CheckFunctionExists.c.o   -c /usr/share/cmake-2.8/Modules/CheckFunctionExists.c
Linking C executable cmTryCompileExec1396390235
/usr/bin/cmake -E cmake_link_script CMakeFiles/cmTryCompileExec1396390235.dir/link.txt --verbose=1
/usr/lib/ccache/cc     -DCHECK_FUNCTION_EXISTS=connect    CMakeFiles/cmTryCompileExec1396390235.dir/CheckFunctionExists.c.o  -o cmTryCompileExec1396390235 -rdynamic 
make[1]: Выход из каталога `/media/G/BFHome/Projects/KDE/Utils/Imageshack.us/.tmp/CMakeFiles/CMakeTmp'


Determining if the function remove exists passed with the following output:
Change Dir: /home/brainfucker/Projects/KDE/Utils/Imageshack.us/.tmp/CMakeFiles/CMakeTmp

Run Build Command:/usr/bin/make "cmTryCompileExec3423617319/fast"
/usr/bin/make -f CMakeFiles/cmTryCompileExec3423617319.dir/build.make CMakeFiles/cmTryCompileExec3423617319.dir/build
make[1]: Вход в каталог `/media/G/BFHome/Projects/KDE/Utils/Imageshack.us/.tmp/CMakeFiles/CMakeTmp'
/usr/bin/cmake -E cmake_progress_report /home/brainfucker/Projects/KDE/Utils/Imageshack.us/.tmp/CMakeFiles/CMakeTmp/CMakeFiles 1
Building C object CMakeFiles/cmTryCompileExec3423617319.dir/CheckFunctionExists.c.o
/usr/lib/ccache/cc   -DCHECK_FUNCTION_EXISTS=remove   -o CMakeFiles/cmTryCompileExec3423617319.dir/CheckFunctionExists.c.o   -c /usr/share/cmake-2.8/Modules/CheckFunctionExists.c
Linking C executable cmTryCompileExec3423617319
/usr/bin/cmake -E cmake_link_script CMakeFiles/cmTryCompileExec3423617319.dir/link.txt --verbose=1
/usr/lib/ccache/cc     -DCHECK_FUNCTION_EXISTS=remove    CMakeFiles/cmTryCompileExec3423617319.dir/CheckFunctionExists.c.o  -o cmTryCompileExec3423617319 -rdynamic 
make[1]: Выход из каталога `/media/G/BFHome/Projects/KDE/Utils/Imageshack.us/.tmp/CMakeFiles/CMakeTmp'


Determining if the function shmat exists passed with the following output:
Change Dir: /home/brainfucker/Projects/KDE/Utils/Imageshack.us/.tmp/CMakeFiles/CMakeTmp

Run Build Command:/usr/bin/make "cmTryCompileExec518371214/fast"
/usr/bin/make -f CMakeFiles/cmTryCompileExec518371214.dir/build.make CMakeFiles/cmTryCompileExec518371214.dir/build
make[1]: Вход в каталог `/media/G/BFHome/Projects/KDE/Utils/Imageshack.us/.tmp/CMakeFiles/CMakeTmp'
/usr/bin/cmake -E cmake_progress_report /home/brainfucker/Projects/KDE/Utils/Imageshack.us/.tmp/CMakeFiles/CMakeTmp/CMakeFiles 1
Building C object CMakeFiles/cmTryCompileExec518371214.dir/CheckFunctionExists.c.o
/usr/lib/ccache/cc   -DCHECK_FUNCTION_EXISTS=shmat   -o CMakeFiles/cmTryCompileExec518371214.dir/CheckFunctionExists.c.o   -c /usr/share/cmake-2.8/Modules/CheckFunctionExists.c
Linking C executable cmTryCompileExec518371214
/usr/bin/cmake -E cmake_link_script CMakeFiles/cmTryCompileExec518371214.dir/link.txt --verbose=1
/usr/lib/ccache/cc     -DCHECK_FUNCTION_EXISTS=shmat    CMakeFiles/cmTryCompileExec518371214.dir/CheckFunctionExists.c.o  -o cmTryCompileExec518371214 -rdynamic 
make[1]: Выход из каталога `/media/G/BFHome/Projects/KDE/Utils/Imageshack.us/.tmp/CMakeFiles/CMakeTmp'


Determining if the function IceConnectionNumber exists in the ICE passed with the following output:
Change Dir: /home/brainfucker/Projects/KDE/Utils/Imageshack.us/.tmp/CMakeFiles/CMakeTmp

Run Build Command:/usr/bin/make "cmTryCompileExec268195534/fast"
/usr/bin/make -f CMakeFiles/cmTryCompileExec268195534.dir/build.make CMakeFiles/cmTryCompileExec268195534.dir/build
make[1]: Вход в каталог `/media/G/BFHome/Projects/KDE/Utils/Imageshack.us/.tmp/CMakeFiles/CMakeTmp'
/usr/bin/cmake -E cmake_progress_report /home/brainfucker/Projects/KDE/Utils/Imageshack.us/.tmp/CMakeFiles/CMakeTmp/CMakeFiles 1
Building C object CMakeFiles/cmTryCompileExec268195534.dir/CheckFunctionExists.c.o
/usr/lib/ccache/cc   -DCHECK_FUNCTION_EXISTS=IceConnectionNumber   -o CMakeFiles/cmTryCompileExec268195534.dir/CheckFunctionExists.c.o   -c /usr/share/cmake-2.8/Modules/CheckFunctionExists.c
Linking C executable cmTryCompileExec268195534
/usr/bin/cmake -E cmake_link_script CMakeFiles/cmTryCompileExec268195534.dir/link.txt --verbose=1
/usr/lib/ccache/cc     -DCHECK_FUNCTION_EXISTS=IceConnectionNumber    CMakeFiles/cmTryCompileExec268195534.dir/CheckFunctionExists.c.o  -o cmTryCompileExec268195534 -rdynamic -lICE 
make[1]: Выход из каталога `/media/G/BFHome/Projects/KDE/Utils/Imageshack.us/.tmp/CMakeFiles/CMakeTmp'


Determining if files pthread.h exist passed with the following output:
Change Dir: /home/brainfucker/Projects/KDE/Utils/Imageshack.us/.tmp/CMakeFiles/CMakeTmp

Run Build Command:/usr/bin/make "cmTryCompileExec24321504/fast"
/usr/bin/make -f CMakeFiles/cmTryCompileExec24321504.dir/build.make CMakeFiles/cmTryCompileExec24321504.dir/build
make[1]: Вход в каталог `/media/G/BFHome/Projects/KDE/Utils/Imageshack.us/.tmp/CMakeFiles/CMakeTmp'
/usr/bin/cmake -E cmake_progress_report /home/brainfucker/Projects/KDE/Utils/Imageshack.us/.tmp/CMakeFiles/CMakeTmp/CMakeFiles 1
Building C object CMakeFiles/cmTryCompileExec24321504.dir/CheckIncludeFiles.c.o
/usr/lib/ccache/cc    -o CMakeFiles/cmTryCompileExec24321504.dir/CheckIncludeFiles.c.o   -c /home/brainfucker/Projects/KDE/Utils/Imageshack.us/.tmp/CMakeFiles/CMakeTmp/CheckIncludeFiles.c
Linking C executable cmTryCompileExec24321504
/usr/bin/cmake -E cmake_link_script CMakeFiles/cmTryCompileExec24321504.dir/link.txt --verbose=1
/usr/lib/ccache/cc         CMakeFiles/cmTryCompileExec24321504.dir/CheckIncludeFiles.c.o  -o cmTryCompileExec24321504 -rdynamic 
make[1]: Выход из каталога `/media/G/BFHome/Projects/KDE/Utils/Imageshack.us/.tmp/CMakeFiles/CMakeTmp'


Determining if the function pthread_create exists in the pthread passed with the following output:
Change Dir: /home/brainfucker/Projects/KDE/Utils/Imageshack.us/.tmp/CMakeFiles/CMakeTmp

Run Build Command:/usr/bin/make "cmTryCompileExec3791624185/fast"
/usr/bin/make -f CMakeFiles/cmTryCompileExec3791624185.dir/build.make CMakeFiles/cmTryCompileExec3791624185.dir/build
make[1]: Вход в каталог `/media/G/BFHome/Projects/KDE/Utils/Imageshack.us/.tmp/CMakeFiles/CMakeTmp'
/usr/bin/cmake -E cmake_progress_report /home/brainfucker/Projects/KDE/Utils/Imageshack.us/.tmp/CMakeFiles/CMakeTmp/CMakeFiles 1
Building C object CMakeFiles/cmTryCompileExec3791624185.dir/CheckFunctionExists.c.o
/usr/lib/ccache/cc   -DCHECK_FUNCTION_EXISTS=pthread_create   -o CMakeFiles/cmTryCompileExec3791624185.dir/CheckFunctionExists.c.o   -c /usr/share/cmake-2.8/Modules/CheckFunctionExists.c
Linking C executable cmTryCompileExec3791624185
/usr/bin/cmake -E cmake_link_script CMakeFiles/cmTryCompileExec3791624185.dir/link.txt --verbose=1
/usr/lib/ccache/cc     -DCHECK_FUNCTION_EXISTS=pthread_create    CMakeFiles/cmTryCompileExec3791624185.dir/CheckFunctionExists.c.o  -o cmTryCompileExec3791624185 -rdynamic -lpthread 
make[1]: Выход из каталога `/media/G/BFHome/Projects/KDE/Utils/Imageshack.us/.tmp/CMakeFiles/CMakeTmp'


Determining if the _POSIX_TIMERS exist passed with the following output:
Change Dir: /home/brainfucker/Projects/KDE/Utils/Imageshack.us/.tmp/CMakeFiles/CMakeTmp

Run Build Command:/usr/bin/make "cmTryCompileExec2687177270/fast"
/usr/bin/make -f CMakeFiles/cmTryCompileExec2687177270.dir/build.make CMakeFiles/cmTryCompileExec2687177270.dir/build
make[1]: Вход в каталог `/media/G/BFHome/Projects/KDE/Utils/Imageshack.us/.tmp/CMakeFiles/CMakeTmp'
/usr/bin/cmake -E cmake_progress_report /home/brainfucker/Projects/KDE/Utils/Imageshack.us/.tmp/CMakeFiles/CMakeTmp/CMakeFiles 1
Building C object CMakeFiles/cmTryCompileExec2687177270.dir/CheckSymbolExists.c.o
/usr/lib/ccache/cc    -o CMakeFiles/cmTryCompileExec2687177270.dir/CheckSymbolExists.c.o   -c /home/brainfucker/Projects/KDE/Utils/Imageshack.us/.tmp/CMakeFiles/CMakeTmp/CheckSymbolExists.c
Linking C executable cmTryCompileExec2687177270
/usr/bin/cmake -E cmake_link_script CMakeFiles/cmTryCompileExec2687177270.dir/link.txt --verbose=1
/usr/lib/ccache/cc         CMakeFiles/cmTryCompileExec2687177270.dir/CheckSymbolExists.c.o  -o cmTryCompileExec2687177270 -rdynamic -lrt 
make[1]: Выход из каталога `/media/G/BFHome/Projects/KDE/Utils/Imageshack.us/.tmp/CMakeFiles/CMakeTmp'

File /home/brainfucker/Projects/KDE/Utils/Imageshack.us/.tmp/CMakeFiles/CMakeTmp/CheckSymbolExists.c:
/* */
#include <unistd.h>
#include <time.h>

int main(int argc, char** argv)
{
  (void)argv;
#ifndef _POSIX_TIMERS
  return ((int*)(&_POSIX_TIMERS))[argc];
#else
  (void)argc;
  return 0;
#endif
}

Performing C++ SOURCE FILE Test HAVE_FPIE_SUPPORT succeded with the following output:
Change Dir: /home/brainfucker/Projects/KDE/Utils/Imageshack.us/.tmp/CMakeFiles/CMakeTmp

Run Build Command:/usr/bin/make "cmTryCompileExec1146445587/fast"
/usr/bin/make -f CMakeFiles/cmTryCompileExec1146445587.dir/build.make CMakeFiles/cmTryCompileExec1146445587.dir/build
make[1]: Вход в каталог `/media/G/BFHome/Projects/KDE/Utils/Imageshack.us/.tmp/CMakeFiles/CMakeTmp'
/usr/bin/cmake -E cmake_progress_report /home/brainfucker/Projects/KDE/Utils/Imageshack.us/.tmp/CMakeFiles/CMakeTmp/CMakeFiles 1
Building CXX object CMakeFiles/cmTryCompileExec1146445587.dir/src.cxx.o
/usr/lib/ccache/c++    -Wnon-virtual-dtor -Wno-long-long -Wundef -Wcast-align -Wchar-subscripts -Wall -W -Wpointer-arith -Wformat-security -fno-exceptions -DQT_NO_EXCEPTIONS -fno-check-new -fno-common  -DHAVE_FPIE_SUPPORT   -fPIE -o CMakeFiles/cmTryCompileExec1146445587.dir/src.cxx.o -c /home/brainfucker/Projects/KDE/Utils/Imageshack.us/.tmp/CMakeFiles/CMakeTmp/src.cxx
Linking CXX executable cmTryCompileExec1146445587
/usr/bin/cmake -E cmake_link_script CMakeFiles/cmTryCompileExec1146445587.dir/link.txt --verbose=1
/usr/lib/ccache/c++     -Wnon-virtual-dtor -Wno-long-long -Wundef -Wcast-align -Wchar-subscripts -Wall -W -Wpointer-arith -Wformat-security -fno-exceptions -DQT_NO_EXCEPTIONS -fno-check-new -fno-common  -DHAVE_FPIE_SUPPORT    CMakeFiles/cmTryCompileExec1146445587.dir/src.cxx.o  -o cmTryCompileExec1146445587 -rdynamic 
make[1]: Выход из каталога `/media/G/BFHome/Projects/KDE/Utils/Imageshack.us/.tmp/CMakeFiles/CMakeTmp'

Source file was:
int main() { return 0;}
Performing C++ SOURCE FILE Test __KDE_HAVE_W_OVERLOADED_VIRTUAL succeded with the following output:
Change Dir: /home/brainfucker/Projects/KDE/Utils/Imageshack.us/.tmp/CMakeFiles/CMakeTmp

Run Build Command:/usr/bin/make "cmTryCompileExec3812307280/fast"
/usr/bin/make -f CMakeFiles/cmTryCompileExec3812307280.dir/build.make CMakeFiles/cmTryCompileExec3812307280.dir/build
make[1]: Вход в каталог `/media/G/BFHome/Projects/KDE/Utils/Imageshack.us/.tmp/CMakeFiles/CMakeTmp'
/usr/bin/cmake -E cmake_progress_report /home/brainfucker/Projects/KDE/Utils/Imageshack.us/.tmp/CMakeFiles/CMakeTmp/CMakeFiles 1
Building CXX object CMakeFiles/cmTryCompileExec3812307280.dir/src.cxx.o
/usr/lib/ccache/c++    -Wnon-virtual-dtor -Wno-long-long -Wundef -Wcast-align -Wchar-subscripts -Wall -W -Wpointer-arith -Wformat-security -fno-exceptions -DQT_NO_EXCEPTIONS -fno-check-new -fno-common  -D__KDE_HAVE_W_OVERLOADED_VIRTUAL   -Woverloaded-virtual -o CMakeFiles/cmTryCompileExec3812307280.dir/src.cxx.o -c /home/brainfucker/Projects/KDE/Utils/Imageshack.us/.tmp/CMakeFiles/CMakeTmp/src.cxx
Linking CXX executable cmTryCompileExec3812307280
/usr/bin/cmake -E cmake_link_script CMakeFiles/cmTryCompileExec3812307280.dir/link.txt --verbose=1
/usr/lib/ccache/c++     -Wnon-virtual-dtor -Wno-long-long -Wundef -Wcast-align -Wchar-subscripts -Wall -W -Wpointer-arith -Wformat-security -fno-exceptions -DQT_NO_EXCEPTIONS -fno-check-new -fno-common  -D__KDE_HAVE_W_OVERLOADED_VIRTUAL    CMakeFiles/cmTryCompileExec3812307280.dir/src.cxx.o  -o cmTryCompileExec3812307280 -rdynamic 
make[1]: Выход из каталога `/media/G/BFHome/Projects/KDE/Utils/Imageshack.us/.tmp/CMakeFiles/CMakeTmp'

Source file was:
int main() { return 0;}
Performing C++ SOURCE FILE Test __KDE_HAVE_GCC_VISIBILITY succeded with the following output:
Change Dir: /home/brainfucker/Projects/KDE/Utils/Imageshack.us/.tmp/CMakeFiles/CMakeTmp

Run Build Command:/usr/bin/make "cmTryCompileExec1270973203/fast"
/usr/bin/make -f CMakeFiles/cmTryCompileExec1270973203.dir/build.make CMakeFiles/cmTryCompileExec1270973203.dir/build
make[1]: Вход в каталог `/media/G/BFHome/Projects/KDE/Utils/Imageshack.us/.tmp/CMakeFiles/CMakeTmp'
/usr/bin/cmake -E cmake_progress_report /home/brainfucker/Projects/KDE/Utils/Imageshack.us/.tmp/CMakeFiles/CMakeTmp/CMakeFiles 1
Building CXX object CMakeFiles/cmTryCompileExec1270973203.dir/src.cxx.o
/usr/lib/ccache/c++    -Wnon-virtual-dtor -Wno-long-long -Wundef -Wcast-align -Wchar-subscripts -Wall -W -Wpointer-arith -Wformat-security -fno-exceptions -DQT_NO_EXCEPTIONS -fno-check-new -fno-common -Woverloaded-virtual  -D__KDE_HAVE_GCC_VISIBILITY   -fvisibility=hidden -o CMakeFiles/cmTryCompileExec1270973203.dir/src.cxx.o -c /home/brainfucker/Projects/KDE/Utils/Imageshack.us/.tmp/CMakeFiles/CMakeTmp/src.cxx
Linking CXX executable cmTryCompileExec1270973203
/usr/bin/cmake -E cmake_link_script CMakeFiles/cmTryCompileExec1270973203.dir/link.txt --verbose=1
/usr/lib/ccache/c++     -Wnon-virtual-dtor -Wno-long-long -Wundef -Wcast-align -Wchar-subscripts -Wall -W -Wpointer-arith -Wformat-security -fno-exceptions -DQT_NO_EXCEPTIONS -fno-check-new -fno-common -Woverloaded-virtual  -D__KDE_HAVE_GCC_VISIBILITY    CMakeFiles/cmTryCompileExec1270973203.dir/src.cxx.o  -o cmTryCompileExec1270973203 -rdynamic 
make[1]: Выход из каталога `/media/G/BFHome/Projects/KDE/Utils/Imageshack.us/.tmp/CMakeFiles/CMakeTmp'

Source file was:
int main() { return 0;}
